# JRE version: Java(TM) SE Runtime Environment 18.9 (11.0.9+7) (build 11.0.9+7-LTS)
# Java VM: Java HotSpot(TM) 64-Bit Server VM 18.9 (11.0.9+7-LTS, mixed mode, tiered, compressed oops, g1 gc, windows-amd64)
Heap:
 garbage-first heap   total 98304K, used 75403K [0x00000000a1600000, 0x0000000100000000)
  region size 1024K, 53 young (54272K), 4 survivors (4096K)
 Metaspace       used 52498K, capacity 53833K, committed 54096K, reserved 1095680K
  class space    used 6538K, capacity 7059K, committed 7168K, reserved 1048576K
GC Heap History (10 events):
Event: 8.460 GC heap after
{Heap after GC invocations=10 (full 0):
 garbage-first heap   total 98304K, used 16141K [0x00000000a1600000, 0x0000000100000000)
  region size 1024K, 5 young (5120K), 5 survivors (5120K)
 Metaspace       used 34831K, capacity 35778K, committed 35920K, reserved 1081344K
  class space    used 4118K, capacity 4513K, committed 4608K, reserved 1048576K
}
Event: 9.232 GC heap before
{Heap before GC invocations=11 (full 0):
 garbage-first heap   total 98304K, used 68365K [0x00000000a1600000, 0x0000000100000000)
  region size 1024K, 57 young (58368K), 5 survivors (5120K)
 Metaspace       used 37286K, capacity 38444K, committed 38608K, reserved 1083392K
  class space    used 4427K, capacity 4867K, committed 4992K, reserved 1048576K
}
Event: 9.242 GC heap after
{Heap after GC invocations=12 (full 0):
 garbage-first heap   total 98304K, used 17334K [0x00000000a1600000, 0x0000000100000000)
  region size 1024K, 5 young (5120K), 5 survivors (5120K)
 Metaspace       used 37286K, capacity 38444K, committed 38608K, reserved 1083392K
  class space    used 4427K, capacity 4867K, committed 4992K, reserved 1048576K
}
Event: 9.789 GC heap before
{Heap before GC invocations=12 (full 0):
 garbage-first heap   total 98304K, used 69558K [0x00000000a1600000, 0x0000000100000000)
  region size 1024K, 57 young (58368K), 5 survivors (5120K)
 Metaspace       used 39198K, capacity 40357K, committed 40528K, reserved 1085440K
  class space    used 4603K, capacity 5035K, committed 5120K, reserved 1048576K
}
Event: 9.798 GC heap after
{Heap after GC invocations=13 (full 0):
 garbage-first heap   total 98304K, used 20326K [0x00000000a1600000, 0x0000000100000000)
  region size 1024K, 6 young (6144K), 6 survivors (6144K)
 Metaspace       used 39198K, capacity 40357K, committed 40528K, reserved 1085440K
  class space    used 4603K, capacity 5035K, committed 5120K, reserved 1048576K
}
Event: 10.152 GC heap before
{Heap before GC invocations=13 (full 0):
 garbage-first heap   total 98304K, used 72550K [0x00000000a1600000, 0x0000000100000000)
  region size 1024K, 57 young (58368K), 6 survivors (6144K)
 Metaspace       used 40019K, capacity 41239K, committed 41424K, reserved 1085440K
  class space    used 4714K, capacity 5180K, committed 5248K, reserved 1048576K
}
Event: 10.159 GC heap after
{Heap after GC invocations=14 (full 0):
 garbage-first heap   total 98304K, used 20491K [0x00000000a1600000, 0x0000000100000000)
  region size 1024K, 5 young (5120K), 5 survivors (5120K)
 Metaspace       used 40019K, capacity 41239K, committed 41424K, reserved 1085440K
  class space    used 4714K, capacity 5180K, committed 5248K, reserved 1048576K
}
Event: 11.308 GC heap before
{Heap before GC invocations=14 (full 0):
 garbage-first heap   total 98304K, used 72715K [0x00000000a1600000, 0x0000000100000000)
  region size 1024K, 57 young (58368K), 5 survivors (5120K)
 Metaspace       used 46106K, capacity 47307K, committed 47440K, reserved 1091584K
  class space    used 5558K, capacity 6047K, committed 6144K, reserved 1048576K
}
Event: 11.318 GC heap after
{Heap after GC invocations=15 (full 0):
 garbage-first heap   total 98304K, used 25227K [0x00000000a1600000, 0x0000000100000000)
  region size 1024K, 8 young (8192K), 8 survivors (8192K)
 Metaspace       used 46106K, capacity 47307K, committed 47440K, reserved 1091584K
  class space    used 5558K, capacity 6047K, committed 6144K, reserved 1048576K
}
Event: 12.245 GC heap before
{Heap before GC invocations=15 (full 0):
 garbage-first heap   total 98304K, used 75403K [0x00000000a1600000, 0x0000000100000000)
  region size 1024K, 57 young (58368K), 8 survivors (8192K)
 Metaspace       used 52498K, capacity 53833K, committed 54096K, reserved 1095680K
  class space    used 6538K, capacity 7059K, committed 7168K, reserved 1048576K
}

